Lmod has detected the following error: The following module(s) are unknown:
"pytorch/2.1.2"

Please check the spelling or version number. Also try "module spider ..."
It is also possible your cache file is out-of-date; it may help to try:
  $ module --ignore_cache load "pytorch/2.1.2"

Also make sure that all modulefiles written in TCL start with the string
#%Module




Lmod is automatically replacing "nvidia/24.5" with "gcc/11.2.0".


The following have been reloaded with a version change:
  1) cray-hdf5/1.14.3.1 => cray-hdf5/1.12.2.7
  2) cray-libsci/24.07.0 => cray-libsci/23.09.1.1
  3) cray-mpich/8.1.30 => cray-mpich/8.1.27
  4) cray-netcdf/4.9.0.13 => cray-netcdf/4.9.0.7


EnvironmentNameNotFound: Could not find conda environment: cgyro-nn
You can list all discoverable environments with `conda info --envs`.


Traceback (most recent call last):
  File "/pscratch/sd/a/arash/cgyro-nn/code/3DCNN/train_with_earlystop_rmse_deep.py", line 3, in <module>
Traceback (most recent call last):
  File "/pscratch/sd/a/arash/cgyro-nn/code/3DCNN/train_with_earlystop_rmse_deep.py", line 3, in <module>
Traceback (most recent call last):
  File "/pscratch/sd/a/arash/cgyro-nn/code/3DCNN/train_with_earlystop_rmse_deep.py", line 3, in <module>
Traceback (most recent call last):
  File "/pscratch/sd/a/arash/cgyro-nn/code/3DCNN/train_with_earlystop_rmse_deep.py", line 3, in <module>
Traceback (most recent call last):
  File "/pscratch/sd/a/arash/cgyro-nn/code/3DCNN/train_with_earlystop_rmse_deep.py", line 3, in <module>
Traceback (most recent call last):
  File "/pscratch/sd/a/arash/cgyro-nn/code/3DCNN/train_with_earlystop_rmse_deep.py", line 3, in <module>
Traceback (most recent call last):
  File "/pscratch/sd/a/arash/cgyro-nn/code/3DCNN/train_with_earlystop_rmse_deep.py", line 3, in <module>
Traceback (most recent call last):
  File "/pscratch/sd/a/arash/cgyro-nn/code/3DCNN/train_with_earlystop_rmse_deep.py", line 3, in <module>
    import os, sys, types, numpy as np, torch
ModuleNotFoundError: No module named 'torch'
    import os, sys, types, numpy as np, torch
ModuleNotFoundError: No module named 'torch'
    import os, sys, types, numpy as np, torch
ModuleNotFoundError: No module named 'torch'
    import os, sys, types, numpy as np, torch
    import os, sys, types, numpy as np, torch
ModuleNotFoundError: No module named 'torch'
ModuleNotFoundError: No module named 'torch'
    import os, sys, types, numpy as np, torch
ModuleNotFoundError: No module named 'torch'
    import os, sys, types, numpy as np, torch
ModuleNotFoundError: No module named 'torch'
    import os, sys, types, numpy as np, torch
ModuleNotFoundError: No module named 'torch'
srun: error: nid001769: tasks 0-7: Exited with exit code 1
srun: Terminating StepId=44810305.0
