
Lmod is automatically replacing "PrgEnv-nvidia/8.5.0" with "PrgEnv-gnu/8.5.0".


Lmod is automatically replacing "nvidia/24.5" with "gcc-native/13.2".


Due to MODULEPATH changes, the following have been reloaded:
  1) cray-hdf5/1.14.3.1      3) cray-mpich/8.1.30
  2) cray-libsci/24.07.0     4) cray-netcdf/4.9.0.13

The following have been reloaded with a version change:
  1) cudatoolkit/12.4 => cudatoolkit/12.9


Currently Loaded Modules:
  1) craype-x86-milan          (cpe)   9) cray-libsci/24.07.0
  2) libfabric/1.22.0                 10) PrgEnv-gnu/8.5.0     (prgenv)
  3) craype-network-ofi        (cpe)  11) gcc-native/13.2      (c)
  4) conda/Miniforge3-24.7.1-0        12) cudatoolkit/12.9     (g)
  5) python/3.11                      13) nccl/2.24.3          (g)
  6) craype/2.7.32             (c)    14) pytorch/2.8.0
  7) cray-dsmml/0.3.0                 15) cray-hdf5/1.14.3.1
  8) cray-mpich/8.1.30         (mpi)  16) cray-netcdf/4.9.0.13

  Where:
   c:       Compiler
   cpe:     Cray Programming Environment Modules
   g:       built for GPU
   mpi:     MPI Providers
   prgenv:  Programming Environment Modules

 

/pscratch/sd/a/arash/cgyro-nn/code/3DCNN/train_with_earlystop_rmse.py:201: UserWarning: To copy construct from a tensor, it is recommended to use sourceTensor.detach().clone() or sourceTensor.detach().clone().requires_grad_(True), rather than torch.tensor(sourceTensor).
  xb = torch.tensor(xb, dtype=torch.float32, device=device)
/pscratch/sd/a/arash/cgyro-nn/code/3DCNN/train_with_earlystop_rmse.py:202: UserWarning: To copy construct from a tensor, it is recommended to use sourceTensor.detach().clone() or sourceTensor.detach().clone().requires_grad_(True), rather than torch.tensor(sourceTensor).
  yb = torch.tensor(yb, dtype=torch.float32, device=device)
