[build_datasets] windows: total=783  train=469  val=156  test=158

[train] dataset:
  y_mean: [[[139.28694 210.00957  82.88394]]]
  y_std : [[[ 81.20469 104.45502  49.48185]]]
  sample Y: min=-1.652e+00, max=2.854e+00, mean=-1.949e-02, std=9.796e-01

[val] dataset:
  y_mean: [[[139.28694 210.00957  82.88394]]]
  y_std : [[[ 81.20469 104.45502  49.48185]]]
  sample Y: min=-1.618e+00, max=2.854e+00, mean=5.182e-03, std=1.023e+00

[test] dataset:
  y_mean: [[[139.28694 210.00957  82.88394]]]
  y_std : [[[ 81.20469 104.45502  49.48185]]]
  sample Y: min=-1.676e+00, max=2.660e+00, mean=-8.993e-02, std=1.021e+00
✅ Saved flux histograms in ./mnt/data/myrun_logs_deep_debug
🟦 Starting epoch 1/5 (train steps ≈ 59)
[2037622] Φ2FluxDeep forward: input (8, 64, 2, 324, 1, 16)
[2037622] Encoder output (512, 128)
[2037622] TCN output (8, 64, 128)
  ... step 0/59  loss=1.0259  (3.3s since last print)
  ↘ grad L2 norm ≈ 1.222e+01 (batch 0)
[2037622] Encoder output (512, 128)
[2037622] TCN output (8, 64, 128)
[2037622] Encoder output (512, 128)
[2037622] TCN output (8, 64, 128)
  ... step 2/59  loss=0.4825  (1.5s since last print)
  ↘ grad L2 norm ≈ 6.358e+00 (batch 2)
[2037622] Encoder output (512, 128)
[2037622] TCN output (8, 64, 128)
[2037622] Encoder output (512, 128)
[2037622] TCN output (8, 64, 128)
  ... step 4/59  loss=1.6746  (1.4s since last print)
  ↘ grad L2 norm ≈ 1.209e+01 (batch 4)
[2037622] Encoder output (512, 128)
[2037622] TCN output (8, 64, 128)
[2037622] Encoder output (512, 128)
[2037622] TCN output (8, 64, 128)
  ... step 6/59  loss=1.4051  (1.4s since last print)
  ↘ grad L2 norm ≈ 9.782e+00 (batch 6)
[2037622] Encoder output (512, 128)
[2037622] TCN output (8, 64, 128)
[2037622] Encoder output (512, 128)
[2037622] TCN output (8, 64, 128)
  ... step 8/59  loss=1.1694  (1.4s since last print)
  ↘ grad L2 norm ≈ 6.131e+00 (batch 8)
[2037622] Encoder output (512, 128)
[2037622] TCN output (8, 64, 128)
[2037622] Encoder output (512, 128)
[2037622] TCN output (8, 64, 128)
  ... step 10/59  loss=1.1688  (1.4s since last print)
  ↘ grad L2 norm ≈ 9.915e+00 (batch 10)
[2037622] Encoder output (512, 128)
[2037622] TCN output (8, 64, 128)
[2037622] Encoder output (512, 128)
[2037622] TCN output (8, 64, 128)
  ... step 12/59  loss=0.8057  (1.4s since last print)
  ↘ grad L2 norm ≈ 7.661e+00 (batch 12)
[2037622] Encoder output (512, 128)
[2037622] TCN output (8, 64, 128)
[2037622] Encoder output (512, 128)
[2037622] TCN output (8, 64, 128)
  ... step 14/59  loss=0.8180  (1.4s since last print)
  ↘ grad L2 norm ≈ 5.134e+00 (batch 14)
[2037622] Encoder output (512, 128)
[2037622] TCN output (8, 64, 128)
[2037622] Encoder output (512, 128)
[2037622] TCN output (8, 64, 128)
  ... step 16/59  loss=1.3558  (1.4s since last print)
  ↘ grad L2 norm ≈ 7.840e+00 (batch 16)
[2037622] Encoder output (512, 128)
[2037622] TCN output (8, 64, 128)
[2037622] Encoder output (512, 128)
[2037622] TCN output (8, 64, 128)
  ... step 18/59  loss=1.1044  (1.4s since last print)
  ↘ grad L2 norm ≈ 7.168e+00 (batch 18)
[2037622] Encoder output (512, 128)
[2037622] TCN output (8, 64, 128)
[2037622] Encoder output (512, 128)
[2037622] TCN output (8, 64, 128)
  ... step 20/59  loss=0.7036  (1.4s since last print)
  ↘ grad L2 norm ≈ 7.097e+00 (batch 20)
[2037622] Encoder output (512, 128)
[2037622] TCN output (8, 64, 128)
[2037622] Encoder output (512, 128)
[2037622] TCN output (8, 64, 128)
  ... step 22/59  loss=1.3258  (1.4s since last print)
  ↘ grad L2 norm ≈ 7.753e+00 (batch 22)
[2037622] Encoder output (512, 128)
[2037622] TCN output (8, 64, 128)
[2037622] Encoder output (512, 128)
[2037622] TCN output (8, 64, 128)
  ... step 24/59  loss=0.6750  (1.4s since last print)
  ↘ grad L2 norm ≈ 4.795e+00 (batch 24)
[2037622] Encoder output (512, 128)
[2037622] TCN output (8, 64, 128)
[2037622] Encoder output (512, 128)
[2037622] TCN output (8, 64, 128)
  ... step 26/59  loss=1.0967  (1.4s since last print)
  ↘ grad L2 norm ≈ 8.071e+00 (batch 26)
[2037622] Encoder output (512, 128)
[2037622] TCN output (8, 64, 128)
[2037622] Encoder output (512, 128)
[2037622] TCN output (8, 64, 128)
  ... step 28/59  loss=0.8538  (1.4s since last print)
  ↘ grad L2 norm ≈ 7.826e+00 (batch 28)
[2037622] Encoder output (512, 128)
[2037622] TCN output (8, 64, 128)
[2037622] Encoder output (512, 128)
[2037622] TCN output (8, 64, 128)
  ... step 30/59  loss=0.7257  (1.4s since last print)
  ↘ grad L2 norm ≈ 6.777e+00 (batch 30)
[2037622] Encoder output (512, 128)
[2037622] TCN output (8, 64, 128)
[2037622] Encoder output (512, 128)
[2037622] TCN output (8, 64, 128)
  ... step 32/59  loss=0.6797  (1.4s since last print)
  ↘ grad L2 norm ≈ 4.700e+00 (batch 32)
[2037622] Encoder output (512, 128)
[2037622] TCN output (8, 64, 128)
[2037622] Encoder output (512, 128)
[2037622] TCN output (8, 64, 128)
  ... step 34/59  loss=0.5330  (1.4s since last print)
  ↘ grad L2 norm ≈ 4.470e+00 (batch 34)
[2037622] Encoder output (512, 128)
[2037622] TCN output (8, 64, 128)
[2037622] Encoder output (512, 128)
[2037622] TCN output (8, 64, 128)
  ... step 36/59  loss=1.2441  (1.4s since last print)
  ↘ grad L2 norm ≈ 6.537e+00 (batch 36)
[2037622] Encoder output (512, 128)
[2037622] TCN output (8, 64, 128)
[2037622] Encoder output (512, 128)
[2037622] TCN output (8, 64, 128)
  ... step 38/59  loss=1.1390  (1.4s since last print)
  ↘ grad L2 norm ≈ 4.942e+00 (batch 38)
[2037622] Encoder output (512, 128)
[2037622] TCN output (8, 64, 128)
[2037622] Encoder output (512, 128)
[2037622] TCN output (8, 64, 128)
  ... step 40/59  loss=0.3479  (1.4s since last print)
  ↘ grad L2 norm ≈ 3.133e+00 (batch 40)
[2037622] Encoder output (512, 128)
[2037622] TCN output (8, 64, 128)
[2037622] Encoder output (512, 128)
[2037622] TCN output (8, 64, 128)
  ... step 42/59  loss=0.5979  (1.4s since last print)
  ↘ grad L2 norm ≈ 4.276e+00 (batch 42)
[2037622] Encoder output (512, 128)
[2037622] TCN output (8, 64, 128)
[2037622] Encoder output (512, 128)
[2037622] TCN output (8, 64, 128)
  ... step 44/59  loss=0.5970  (1.4s since last print)
  ↘ grad L2 norm ≈ 4.245e+00 (batch 44)
[2037622] Encoder output (512, 128)
[2037622] TCN output (8, 64, 128)
[2037622] Encoder output (512, 128)
[2037622] TCN output (8, 64, 128)
  ... step 46/59  loss=1.0431  (1.4s since last print)
  ↘ grad L2 norm ≈ 5.478e+00 (batch 46)
[2037622] Encoder output (512, 128)
[2037622] TCN output (8, 64, 128)
[2037622] Encoder output (512, 128)
[2037622] TCN output (8, 64, 128)
  ... step 48/59  loss=0.4441  (1.4s since last print)
  ↘ grad L2 norm ≈ 3.981e+00 (batch 48)
[2037622] Encoder output (512, 128)
[2037622] TCN output (8, 64, 128)
[2037622] Encoder output (512, 128)
[2037622] TCN output (8, 64, 128)
  ... step 50/59  loss=0.7592  (1.4s since last print)
  ↘ grad L2 norm ≈ 6.182e+00 (batch 50)
[2037622] Encoder output (512, 128)
[2037622] TCN output (8, 64, 128)
[2037622] Encoder output (512, 128)
[2037622] TCN output (8, 64, 128)
  ... step 52/59  loss=0.8078  (1.4s since last print)
  ↘ grad L2 norm ≈ 3.040e+00 (batch 52)
[2037622] Encoder output (512, 128)
[2037622] TCN output (8, 64, 128)
[2037622] Encoder output (512, 128)
[2037622] TCN output (8, 64, 128)
  ... step 54/59  loss=0.8502  (1.4s since last print)
  ↘ grad L2 norm ≈ 3.839e+00 (batch 54)
[2037622] Encoder output (512, 128)
[2037622] TCN output (8, 64, 128)
[2037622] Encoder output (512, 128)
[2037622] TCN output (8, 64, 128)
  ... step 56/59  loss=1.0236  (1.4s since last print)
  ↘ grad L2 norm ≈ 3.459e+00 (batch 56)
[2037622] Encoder output (512, 128)
[2037622] TCN output (8, 64, 128)
[2037622] Encoder output (320, 128)
[2037622] TCN output (5, 64, 128)
  ... step 58/59  loss=0.3847  (1.3s since last print)
  ↘ grad L2 norm ≈ 2.914e+00 (batch 58)
✅ epoch 1 forward/backward done in 68.9s
[2037622] Encoder output (512, 128)
[2037622] TCN output (8, 64, 128)
  🔎 val step 0: batch (8, 64, 2, 324, 1, 16) loss=1.9313
[2037622] Encoder output (512, 128)
[2037622] TCN output (8, 64, 128)
[2037622] Encoder output (512, 128)
[2037622] TCN output (8, 64, 128)
[2037622] Encoder output (512, 128)
[2037622] TCN output (8, 64, 128)
[2037622] Encoder output (512, 128)
[2037622] TCN output (8, 64, 128)
[2037622] Encoder output (512, 128)
[2037622] TCN output (8, 64, 128)
[2037622] Encoder output (512, 128)
[2037622] TCN output (8, 64, 128)
[2037622] Encoder output (512, 128)
[2037622] TCN output (8, 64, 128)
[2037622] Encoder output (512, 128)
[2037622] TCN output (8, 64, 128)
[2037622] Encoder output (512, 128)
[2037622] TCN output (8, 64, 128)
[2037622] Encoder output (512, 128)
[2037622] TCN output (8, 64, 128)
[2037622] Encoder output (512, 128)
[2037622] TCN output (8, 64, 128)
[2037622] Encoder output (512, 128)
[2037622] TCN output (8, 64, 128)
[2037622] Encoder output (512, 128)
[2037622] TCN output (8, 64, 128)
[2037622] Encoder output (512, 128)
[2037622] TCN output (8, 64, 128)
[2037622] Encoder output (512, 128)
[2037622] TCN output (8, 64, 128)
[2037622] Encoder output (512, 128)
[2037622] TCN output (8, 64, 128)
[2037622] Encoder output (512, 128)
[2037622] TCN output (8, 64, 128)
[2037622] Encoder output (512, 128)
[2037622] TCN output (8, 64, 128)
[2037622] Encoder output (256, 128)
[2037622] TCN output (4, 64, 128)
[01] train=0.8855  val=1.9132  RMSE(std)=[Qi:1.407, Qe:1.331, Γ:1.410]  RMSE(phys)=[Qi:114.265, Qe:139.003, Γ:69.778]  (4.3s)
✅ Saved unified NN → ./mnt/data/bin.cgyro.nn
🟦 Starting epoch 2/5 (train steps ≈ 59)
[2037622] Encoder output (512, 128)
[2037622] TCN output (8, 64, 128)
  ... step 0/59  loss=1.2108  (0.3s since last print)
  ↘ grad L2 norm ≈ 4.185e+00 (batch 0)
[2037622] Encoder output (512, 128)
[2037622] TCN output (8, 64, 128)
[2037622] Encoder output (512, 128)
[2037622] TCN output (8, 64, 128)
  ... step 2/59  loss=0.8893  (1.4s since last print)
  ↘ grad L2 norm ≈ 2.985e+00 (batch 2)
[2037622] Encoder output (512, 128)
[2037622] TCN output (8, 64, 128)
[2037622] Encoder output (512, 128)
[2037622] TCN output (8, 64, 128)
  ... step 4/59  loss=1.1368  (1.4s since last print)
  ↘ grad L2 norm ≈ 3.268e+00 (batch 4)
[2037622] Encoder output (512, 128)
[2037622] TCN output (8, 64, 128)
[2037622] Encoder output (512, 128)
[2037622] TCN output (8, 64, 128)
  ... step 6/59  loss=0.4028  (1.4s since last print)
  ↘ grad L2 norm ≈ 1.956e+00 (batch 6)
[2037622] Encoder output (512, 128)
[2037622] TCN output (8, 64, 128)
[2037622] Encoder output (512, 128)
[2037622] TCN output (8, 64, 128)
  ... step 8/59  loss=0.5583  (1.4s since last print)
  ↘ grad L2 norm ≈ 1.925e+00 (batch 8)
[2037622] Encoder output (512, 128)
[2037622] TCN output (8, 64, 128)
[2037622] Encoder output (512, 128)
[2037622] TCN output (8, 64, 128)
  ... step 10/59  loss=0.8554  (1.4s since last print)
  ↘ grad L2 norm ≈ 4.331e+00 (batch 10)
[2037622] Encoder output (512, 128)
[2037622] TCN output (8, 64, 128)
[2037622] Encoder output (512, 128)
[2037622] TCN output (8, 64, 128)
  ... step 12/59  loss=0.5921  (1.4s since last print)
  ↘ grad L2 norm ≈ 3.357e+00 (batch 12)
[2037622] Encoder output (512, 128)
[2037622] TCN output (8, 64, 128)
[2037622] Encoder output (512, 128)
[2037622] TCN output (8, 64, 128)
  ... step 14/59  loss=0.3724  (1.4s since last print)
  ↘ grad L2 norm ≈ 1.934e+00 (batch 14)
[2037622] Encoder output (512, 128)
[2037622] TCN output (8, 64, 128)
[2037622] Encoder output (512, 128)
[2037622] TCN output (8, 64, 128)
  ... step 16/59  loss=0.3437  (1.4s since last print)
  ↘ grad L2 norm ≈ 1.623e+00 (batch 16)
[2037622] Encoder output (512, 128)
[2037622] TCN output (8, 64, 128)
[2037622] Encoder output (512, 128)
[2037622] TCN output (8, 64, 128)
  ... step 18/59  loss=0.8794  (1.4s since last print)
  ↘ grad L2 norm ≈ 4.347e+00 (batch 18)
[2037622] Encoder output (512, 128)
[2037622] TCN output (8, 64, 128)
[2037622] Encoder output (512, 128)
[2037622] TCN output (8, 64, 128)
  ... step 20/59  loss=0.2898  (1.4s since last print)
  ↘ grad L2 norm ≈ 1.246e+00 (batch 20)
[2037622] Encoder output (512, 128)
[2037622] TCN output (8, 64, 128)
[2037622] Encoder output (512, 128)
[2037622] TCN output (8, 64, 128)
  ... step 22/59  loss=0.6280  (1.4s since last print)
  ↘ grad L2 norm ≈ 2.799e+00 (batch 22)
[2037622] Encoder output (512, 128)
[2037622] TCN output (8, 64, 128)
[2037622] Encoder output (512, 128)
[2037622] TCN output (8, 64, 128)
  ... step 24/59  loss=0.2578  (1.4s since last print)
  ↘ grad L2 norm ≈ 1.594e+00 (batch 24)
[2037622] Encoder output (512, 128)
[2037622] TCN output (8, 64, 128)
[2037622] Encoder output (512, 128)
[2037622] TCN output (8, 64, 128)
  ... step 26/59  loss=0.7102  (1.4s since last print)
  ↘ grad L2 norm ≈ 2.269e+00 (batch 26)
[2037622] Encoder output (512, 128)
[2037622] TCN output (8, 64, 128)
[2037622] Encoder output (512, 128)
[2037622] TCN output (8, 64, 128)
  ... step 28/59  loss=0.9906  (1.4s since last print)
  ↘ grad L2 norm ≈ 7.958e+00 (batch 28)
[2037622] Encoder output (512, 128)
[2037622] TCN output (8, 64, 128)
[2037622] Encoder output (512, 128)
[2037622] TCN output (8, 64, 128)
  ... step 30/59  loss=0.4738  (1.4s since last print)
  ↘ grad L2 norm ≈ 1.752e+00 (batch 30)
[2037622] Encoder output (512, 128)
[2037622] TCN output (8, 64, 128)
[2037622] Encoder output (512, 128)
[2037622] TCN output (8, 64, 128)
  ... step 32/59  loss=0.7470  (1.4s since last print)
  ↘ grad L2 norm ≈ 3.363e+00 (batch 32)
[2037622] Encoder output (512, 128)
[2037622] TCN output (8, 64, 128)
[2037622] Encoder output (512, 128)
[2037622] TCN output (8, 64, 128)
  ... step 34/59  loss=0.7792  (1.4s since last print)
  ↘ grad L2 norm ≈ 3.813e+00 (batch 34)
[2037622] Encoder output (512, 128)
[2037622] TCN output (8, 64, 128)
[2037622] Encoder output (512, 128)
[2037622] TCN output (8, 64, 128)
  ... step 36/59  loss=0.8296  (1.4s since last print)
  ↘ grad L2 norm ≈ 3.048e+00 (batch 36)
[2037622] Encoder output (512, 128)
[2037622] TCN output (8, 64, 128)
[2037622] Encoder output (512, 128)
[2037622] TCN output (8, 64, 128)
  ... step 38/59  loss=0.4114  (1.4s since last print)
  ↘ grad L2 norm ≈ 2.197e+00 (batch 38)
[2037622] Encoder output (512, 128)
[2037622] TCN output (8, 64, 128)
[2037622] Encoder output (512, 128)
[2037622] TCN output (8, 64, 128)
  ... step 40/59  loss=0.3910  (1.4s since last print)
  ↘ grad L2 norm ≈ 2.481e+00 (batch 40)
[2037622] Encoder output (512, 128)
[2037622] TCN output (8, 64, 128)
[2037622] Encoder output (512, 128)
[2037622] TCN output (8, 64, 128)
  ... step 42/59  loss=1.1015  (1.4s since last print)
  ↘ grad L2 norm ≈ 5.204e+00 (batch 42)
[2037622] Encoder output (512, 128)
[2037622] TCN output (8, 64, 128)
[2037622] Encoder output (512, 128)
[2037622] TCN output (8, 64, 128)
  ... step 44/59  loss=0.6034  (1.4s since last print)
  ↘ grad L2 norm ≈ 3.052e+00 (batch 44)
[2037622] Encoder output (512, 128)
[2037622] TCN output (8, 64, 128)
[2037622] Encoder output (512, 128)
[2037622] TCN output (8, 64, 128)
  ... step 46/59  loss=0.5658  (1.4s since last print)
  ↘ grad L2 norm ≈ 2.721e+00 (batch 46)
[2037622] Encoder output (512, 128)
[2037622] TCN output (8, 64, 128)
[2037622] Encoder output (512, 128)
[2037622] TCN output (8, 64, 128)
  ... step 48/59  loss=0.5934  (1.4s since last print)
  ↘ grad L2 norm ≈ 8.377e+00 (batch 48)
[2037622] Encoder output (512, 128)
[2037622] TCN output (8, 64, 128)
[2037622] Encoder output (512, 128)
[2037622] TCN output (8, 64, 128)
  ... step 50/59  loss=0.3526  (1.4s since last print)
  ↘ grad L2 norm ≈ 1.430e+00 (batch 50)
[2037622] Encoder output (512, 128)
[2037622] TCN output (8, 64, 128)
[2037622] Encoder output (512, 128)
[2037622] TCN output (8, 64, 128)
  ... step 52/59  loss=0.7672  (1.4s since last print)
  ↘ grad L2 norm ≈ 2.903e+00 (batch 52)
[2037622] Encoder output (512, 128)
[2037622] TCN output (8, 64, 128)
[2037622] Encoder output (512, 128)
[2037622] TCN output (8, 64, 128)
  ... step 54/59  loss=0.9179  (1.4s since last print)
  ↘ grad L2 norm ≈ 2.421e+00 (batch 54)
[2037622] Encoder output (512, 128)
[2037622] TCN output (8, 64, 128)
[2037622] Encoder output (512, 128)
[2037622] TCN output (8, 64, 128)
  ... step 56/59  loss=0.5028  (1.4s since last print)
  ↘ grad L2 norm ≈ 2.354e+00 (batch 56)
[2037622] Encoder output (512, 128)
[2037622] TCN output (8, 64, 128)
[2037622] Encoder output (320, 128)
[2037622] TCN output (5, 64, 128)
  ... step 58/59  loss=0.1756  (1.3s since last print)
  ↘ grad L2 norm ≈ 2.088e+00 (batch 58)
✅ epoch 2 forward/backward done in 66.5s
[2037622] Encoder output (512, 128)
[2037622] TCN output (8, 64, 128)
  🔎 val step 0: batch (8, 64, 2, 324, 1, 16) loss=11.7644
[2037622] Encoder output (512, 128)
[2037622] TCN output (8, 64, 128)
[2037622] Encoder output (512, 128)
[2037622] TCN output (8, 64, 128)
[2037622] Encoder output (512, 128)
[2037622] TCN output (8, 64, 128)
[2037622] Encoder output (512, 128)
[2037622] TCN output (8, 64, 128)
[2037622] Encoder output (512, 128)
[2037622] TCN output (8, 64, 128)
[2037622] Encoder output (512, 128)
[2037622] TCN output (8, 64, 128)
[2037622] Encoder output (512, 128)
[2037622] TCN output (8, 64, 128)
[2037622] Encoder output (512, 128)
[2037622] TCN output (8, 64, 128)
[2037622] Encoder output (512, 128)
[2037622] TCN output (8, 64, 128)
[2037622] Encoder output (512, 128)
[2037622] TCN output (8, 64, 128)
[2037622] Encoder output (512, 128)
[2037622] TCN output (8, 64, 128)
[2037622] Encoder output (512, 128)
[2037622] TCN output (8, 64, 128)
[2037622] Encoder output (512, 128)
[2037622] TCN output (8, 64, 128)
[2037622] Encoder output (512, 128)
[2037622] TCN output (8, 64, 128)
[2037622] Encoder output (512, 128)
[2037622] TCN output (8, 64, 128)
[2037622] Encoder output (512, 128)
[2037622] TCN output (8, 64, 128)
[2037622] Encoder output (512, 128)
[2037622] TCN output (8, 64, 128)
[2037622] Encoder output (512, 128)
[2037622] TCN output (8, 64, 128)
[2037622] Encoder output (256, 128)
[2037622] TCN output (4, 64, 128)
[02] train=0.6689  val=10.1964  RMSE(std)=[Qi:3.378, Qe:2.926, Γ:3.258]  RMSE(phys)=[Qi:274.320, Qe:305.663, Γ:161.210]  (4.2s)
✅ Saved unified NN → ./mnt/data/bin.cgyro.nn
🟦 Starting epoch 3/5 (train steps ≈ 59)
[2037622] Encoder output (512, 128)
[2037622] TCN output (8, 64, 128)
  ... step 0/59  loss=0.8165  (0.3s since last print)
  ↘ grad L2 norm ≈ 4.663e+00 (batch 0)
[2037622] Encoder output (512, 128)
[2037622] TCN output (8, 64, 128)
[2037622] Encoder output (512, 128)
[2037622] TCN output (8, 64, 128)
  ... step 2/59  loss=0.9072  (1.4s since last print)
  ↘ grad L2 norm ≈ 4.964e+00 (batch 2)
[2037622] Encoder output (512, 128)
[2037622] TCN output (8, 64, 128)
[2037622] Encoder output (512, 128)
[2037622] TCN output (8, 64, 128)
  ... step 4/59  loss=0.6088  (1.4s since last print)
  ↘ grad L2 norm ≈ 3.040e+00 (batch 4)
[2037622] Encoder output (512, 128)
[2037622] TCN output (8, 64, 128)
[2037622] Encoder output (512, 128)
[2037622] TCN output (8, 64, 128)
  ... step 6/59  loss=0.5328  (1.4s since last print)
  ↘ grad L2 norm ≈ 2.221e+00 (batch 6)
[2037622] Encoder output (512, 128)
[2037622] TCN output (8, 64, 128)
[2037622] Encoder output (512, 128)
[2037622] TCN output (8, 64, 128)
  ... step 8/59  loss=0.6719  (1.4s since last print)
  ↘ grad L2 norm ≈ 2.602e+00 (batch 8)
[2037622] Encoder output (512, 128)
[2037622] TCN output (8, 64, 128)
[2037622] Encoder output (512, 128)
[2037622] TCN output (8, 64, 128)
  ... step 10/59  loss=0.6484  (1.4s since last print)
  ↘ grad L2 norm ≈ 2.208e+00 (batch 10)
[2037622] Encoder output (512, 128)
[2037622] TCN output (8, 64, 128)
[2037622] Encoder output (512, 128)
[2037622] TCN output (8, 64, 128)
  ... step 12/59  loss=0.4016  (1.4s since last print)
  ↘ grad L2 norm ≈ 1.776e+00 (batch 12)
[2037622] Encoder output (512, 128)
[2037622] TCN output (8, 64, 128)
[2037622] Encoder output (512, 128)
[2037622] TCN output (8, 64, 128)
  ... step 14/59  loss=0.5284  (1.4s since last print)
  ↘ grad L2 norm ≈ 1.473e+00 (batch 14)
[2037622] Encoder output (512, 128)
[2037622] TCN output (8, 64, 128)
[2037622] Encoder output (512, 128)
[2037622] TCN output (8, 64, 128)
  ... step 16/59  loss=0.3459  (1.4s since last print)
  ↘ grad L2 norm ≈ 1.138e+00 (batch 16)
[2037622] Encoder output (512, 128)
[2037622] TCN output (8, 64, 128)
[2037622] Encoder output (512, 128)
[2037622] TCN output (8, 64, 128)
  ... step 18/59  loss=0.7650  (1.4s since last print)
  ↘ grad L2 norm ≈ 2.832e+00 (batch 18)
[2037622] Encoder output (512, 128)
[2037622] TCN output (8, 64, 128)
[2037622] Encoder output (512, 128)
[2037622] TCN output (8, 64, 128)
  ... step 20/59  loss=0.8947  (1.4s since last print)
  ↘ grad L2 norm ≈ 2.710e+00 (batch 20)
[2037622] Encoder output (512, 128)
[2037622] TCN output (8, 64, 128)
[2037622] Encoder output (512, 128)
[2037622] TCN output (8, 64, 128)
  ... step 22/59  loss=0.3819  (1.4s since last print)
  ↘ grad L2 norm ≈ 2.212e+00 (batch 22)
[2037622] Encoder output (512, 128)
[2037622] TCN output (8, 64, 128)
[2037622] Encoder output (512, 128)
[2037622] TCN output (8, 64, 128)
  ... step 24/59  loss=0.8743  (1.4s since last print)
  ↘ grad L2 norm ≈ 3.535e+00 (batch 24)
[2037622] Encoder output (512, 128)
[2037622] TCN output (8, 64, 128)
[2037622] Encoder output (512, 128)
[2037622] TCN output (8, 64, 128)
  ... step 26/59  loss=0.4843  (1.4s since last print)
  ↘ grad L2 norm ≈ 1.926e+00 (batch 26)
[2037622] Encoder output (512, 128)
[2037622] TCN output (8, 64, 128)
[2037622] Encoder output (512, 128)
[2037622] TCN output (8, 64, 128)
  ... step 28/59  loss=1.1944  (1.4s since last print)
  ↘ grad L2 norm ≈ 4.312e+00 (batch 28)
[2037622] Encoder output (512, 128)
[2037622] TCN output (8, 64, 128)
[2037622] Encoder output (512, 128)
[2037622] TCN output (8, 64, 128)
  ... step 30/59  loss=0.3995  (1.4s since last print)
  ↘ grad L2 norm ≈ 1.456e+00 (batch 30)
[2037622] Encoder output (512, 128)
[2037622] TCN output (8, 64, 128)
[2037622] Encoder output (512, 128)
[2037622] TCN output (8, 64, 128)
  ... step 32/59  loss=0.6457  (1.4s since last print)
  ↘ grad L2 norm ≈ 2.263e+00 (batch 32)
[2037622] Encoder output (512, 128)
[2037622] TCN output (8, 64, 128)
[2037622] Encoder output (512, 128)
[2037622] TCN output (8, 64, 128)
  ... step 34/59  loss=0.5917  (1.4s since last print)
  ↘ grad L2 norm ≈ 3.060e+00 (batch 34)
[2037622] Encoder output (512, 128)
[2037622] TCN output (8, 64, 128)
[2037622] Encoder output (512, 128)
[2037622] TCN output (8, 64, 128)
  ... step 36/59  loss=0.9438  (1.4s since last print)
  ↘ grad L2 norm ≈ 3.898e+00 (batch 36)
[2037622] Encoder output (512, 128)
[2037622] TCN output (8, 64, 128)
[2037622] Encoder output (512, 128)
[2037622] TCN output (8, 64, 128)
  ... step 38/59  loss=0.8913  (1.4s since last print)
  ↘ grad L2 norm ≈ 4.610e+00 (batch 38)
[2037622] Encoder output (512, 128)
[2037622] TCN output (8, 64, 128)
[2037622] Encoder output (512, 128)
[2037622] TCN output (8, 64, 128)
  ... step 40/59  loss=0.9532  (1.4s since last print)
  ↘ grad L2 norm ≈ 2.565e+00 (batch 40)
[2037622] Encoder output (512, 128)
[2037622] TCN output (8, 64, 128)
[2037622] Encoder output (512, 128)
[2037622] TCN output (8, 64, 128)
  ... step 42/59  loss=0.3822  (1.4s since last print)
  ↘ grad L2 norm ≈ 1.396e+00 (batch 42)
[2037622] Encoder output (512, 128)
[2037622] TCN output (8, 64, 128)
[2037622] Encoder output (512, 128)
[2037622] TCN output (8, 64, 128)
  ... step 44/59  loss=1.0337  (1.4s since last print)
  ↘ grad L2 norm ≈ 3.071e+00 (batch 44)
[2037622] Encoder output (512, 128)
[2037622] TCN output (8, 64, 128)
[2037622] Encoder output (512, 128)
[2037622] TCN output (8, 64, 128)
  ... step 46/59  loss=0.5879  (1.4s since last print)
  ↘ grad L2 norm ≈ 1.816e+00 (batch 46)
[2037622] Encoder output (512, 128)
[2037622] TCN output (8, 64, 128)
[2037622] Encoder output (512, 128)
[2037622] TCN output (8, 64, 128)
  ... step 48/59  loss=0.8053  (1.4s since last print)
  ↘ grad L2 norm ≈ 1.899e+00 (batch 48)
[2037622] Encoder output (512, 128)
[2037622] TCN output (8, 64, 128)
[2037622] Encoder output (512, 128)
[2037622] TCN output (8, 64, 128)
  ... step 50/59  loss=0.7694  (1.4s since last print)
  ↘ grad L2 norm ≈ 2.009e+00 (batch 50)
[2037622] Encoder output (512, 128)
[2037622] TCN output (8, 64, 128)
[2037622] Encoder output (512, 128)
[2037622] TCN output (8, 64, 128)
  ... step 52/59  loss=0.6790  (1.4s since last print)
  ↘ grad L2 norm ≈ 1.994e+00 (batch 52)
[2037622] Encoder output (512, 128)
[2037622] TCN output (8, 64, 128)
[2037622] Encoder output (512, 128)
[2037622] TCN output (8, 64, 128)
  ... step 54/59  loss=0.5767  (1.4s since last print)
  ↘ grad L2 norm ≈ 1.973e+00 (batch 54)
[2037622] Encoder output (512, 128)
[2037622] TCN output (8, 64, 128)
[2037622] Encoder output (512, 128)
[2037622] TCN output (8, 64, 128)
  ... step 56/59  loss=0.6380  (1.4s since last print)
  ↘ grad L2 norm ≈ 2.037e+00 (batch 56)
[2037622] Encoder output (512, 128)
[2037622] TCN output (8, 64, 128)
[2037622] Encoder output (320, 128)
[2037622] TCN output (5, 64, 128)
  ... step 58/59  loss=0.4226  (1.3s since last print)
  ↘ grad L2 norm ≈ 3.516e+00 (batch 58)
✅ epoch 3 forward/backward done in 66.5s
[2037622] Encoder output (512, 128)
[2037622] TCN output (8, 64, 128)
  🔎 val step 0: batch (8, 64, 2, 324, 1, 16) loss=0.6732
[2037622] Encoder output (512, 128)
[2037622] TCN output (8, 64, 128)
[2037622] Encoder output (512, 128)
[2037622] TCN output (8, 64, 128)
[2037622] Encoder output (512, 128)
[2037622] TCN output (8, 64, 128)
[2037622] Encoder output (512, 128)
[2037622] TCN output (8, 64, 128)
[2037622] Encoder output (512, 128)
[2037622] TCN output (8, 64, 128)
[2037622] Encoder output (512, 128)
[2037622] TCN output (8, 64, 128)
[2037622] Encoder output (512, 128)
[2037622] TCN output (8, 64, 128)
[2037622] Encoder output (512, 128)
[2037622] TCN output (8, 64, 128)
[2037622] Encoder output (512, 128)
[2037622] TCN output (8, 64, 128)
[2037622] Encoder output (512, 128)
[2037622] TCN output (8, 64, 128)
[2037622] Encoder output (512, 128)
[2037622] TCN output (8, 64, 128)
[2037622] Encoder output (512, 128)
[2037622] TCN output (8, 64, 128)
[2037622] Encoder output (512, 128)
[2037622] TCN output (8, 64, 128)
[2037622] Encoder output (512, 128)
[2037622] TCN output (8, 64, 128)
[2037622] Encoder output (512, 128)
[2037622] TCN output (8, 64, 128)
[2037622] Encoder output (512, 128)
[2037622] TCN output (8, 64, 128)
[2037622] Encoder output (512, 128)
[2037622] TCN output (8, 64, 128)
[2037622] Encoder output (512, 128)
[2037622] TCN output (8, 64, 128)
[2037622] Encoder output (256, 128)
[2037622] TCN output (4, 64, 128)
[03] train=0.6272  val=0.7350  RMSE(std)=[Qi:0.857, Qe:0.860, Γ:0.855]  RMSE(phys)=[Qi:69.564, Qe:89.826, Γ:42.321]  (4.2s)
✅ Saved unified NN → ./mnt/data/bin.cgyro.nn
🟦 Starting epoch 4/5 (train steps ≈ 59)
[2037622] Encoder output (512, 128)
[2037622] TCN output (8, 64, 128)
  ... step 0/59  loss=0.2355  (0.3s since last print)
  ↘ grad L2 norm ≈ 1.099e+00 (batch 0)
[2037622] Encoder output (512, 128)
[2037622] TCN output (8, 64, 128)
[2037622] Encoder output (512, 128)
[2037622] TCN output (8, 64, 128)
  ... step 2/59  loss=0.4198  (1.4s since last print)
  ↘ grad L2 norm ≈ 3.049e+00 (batch 2)
[2037622] Encoder output (512, 128)
[2037622] TCN output (8, 64, 128)
[2037622] Encoder output (512, 128)
[2037622] TCN output (8, 64, 128)
  ... step 4/59  loss=0.5082  (1.4s since last print)
  ↘ grad L2 norm ≈ 3.096e+00 (batch 4)
[2037622] Encoder output (512, 128)
[2037622] TCN output (8, 64, 128)
[2037622] Encoder output (512, 128)
[2037622] TCN output (8, 64, 128)
  ... step 6/59  loss=0.4688  (1.4s since last print)
  ↘ grad L2 norm ≈ 2.371e+00 (batch 6)
[2037622] Encoder output (512, 128)
[2037622] TCN output (8, 64, 128)
[2037622] Encoder output (512, 128)
[2037622] TCN output (8, 64, 128)
  ... step 8/59  loss=0.2987  (1.4s since last print)
  ↘ grad L2 norm ≈ 1.470e+00 (batch 8)
[2037622] Encoder output (512, 128)
[2037622] TCN output (8, 64, 128)
[2037622] Encoder output (512, 128)
[2037622] TCN output (8, 64, 128)
  ... step 10/59  loss=0.2589  (1.4s since last print)
  ↘ grad L2 norm ≈ 1.170e+00 (batch 10)
[2037622] Encoder output (512, 128)
[2037622] TCN output (8, 64, 128)
[2037622] Encoder output (512, 128)
[2037622] TCN output (8, 64, 128)
  ... step 12/59  loss=0.4215  (1.4s since last print)
  ↘ grad L2 norm ≈ 2.268e+00 (batch 12)
[2037622] Encoder output (512, 128)
[2037622] TCN output (8, 64, 128)
[2037622] Encoder output (512, 128)
[2037622] TCN output (8, 64, 128)
  ... step 14/59  loss=0.5622  (1.4s since last print)
  ↘ grad L2 norm ≈ 1.700e+00 (batch 14)
[2037622] Encoder output (512, 128)
[2037622] TCN output (8, 64, 128)
[2037622] Encoder output (512, 128)
[2037622] TCN output (8, 64, 128)
  ... step 16/59  loss=0.7410  (1.4s since last print)
  ↘ grad L2 norm ≈ 2.127e+00 (batch 16)
[2037622] Encoder output (512, 128)
[2037622] TCN output (8, 64, 128)
[2037622] Encoder output (512, 128)
[2037622] TCN output (8, 64, 128)
  ... step 18/59  loss=0.4006  (1.4s since last print)
  ↘ grad L2 norm ≈ 1.270e+00 (batch 18)
[2037622] Encoder output (512, 128)
[2037622] TCN output (8, 64, 128)
[2037622] Encoder output (512, 128)
[2037622] TCN output (8, 64, 128)
  ... step 20/59  loss=0.7188  (1.4s since last print)
  ↘ grad L2 norm ≈ 2.346e+00 (batch 20)
[2037622] Encoder output (512, 128)
[2037622] TCN output (8, 64, 128)
[2037622] Encoder output (512, 128)
[2037622] TCN output (8, 64, 128)
  ... step 22/59  loss=0.6163  (1.4s since last print)
  ↘ grad L2 norm ≈ 1.603e+00 (batch 22)
[2037622] Encoder output (512, 128)
[2037622] TCN output (8, 64, 128)
[2037622] Encoder output (512, 128)
[2037622] TCN output (8, 64, 128)
  ... step 24/59  loss=0.9767  (1.4s since last print)
  ↘ grad L2 norm ≈ 2.124e+00 (batch 24)
[2037622] Encoder output (512, 128)
[2037622] TCN output (8, 64, 128)
[2037622] Encoder output (512, 128)
[2037622] TCN output (8, 64, 128)
  ... step 26/59  loss=0.4588  (1.4s since last print)
  ↘ grad L2 norm ≈ 1.761e+00 (batch 26)
[2037622] Encoder output (512, 128)
[2037622] TCN output (8, 64, 128)
[2037622] Encoder output (512, 128)
[2037622] TCN output (8, 64, 128)
  ... step 28/59  loss=0.2929  (1.4s since last print)
  ↘ grad L2 norm ≈ 1.156e+00 (batch 28)
[2037622] Encoder output (512, 128)
[2037622] TCN output (8, 64, 128)
[2037622] Encoder output (512, 128)
[2037622] TCN output (8, 64, 128)
  ... step 30/59  loss=0.3278  (1.4s since last print)
  ↘ grad L2 norm ≈ 1.367e+00 (batch 30)
[2037622] Encoder output (512, 128)
[2037622] TCN output (8, 64, 128)
[2037622] Encoder output (512, 128)
[2037622] TCN output (8, 64, 128)
  ... step 32/59  loss=0.7497  (1.4s since last print)
  ↘ grad L2 norm ≈ 1.962e+00 (batch 32)
[2037622] Encoder output (512, 128)
[2037622] TCN output (8, 64, 128)
[2037622] Encoder output (512, 128)
[2037622] TCN output (8, 64, 128)
  ... step 34/59  loss=0.7632  (1.4s since last print)
  ↘ grad L2 norm ≈ 2.606e+00 (batch 34)
[2037622] Encoder output (512, 128)
[2037622] TCN output (8, 64, 128)
[2037622] Encoder output (512, 128)
[2037622] TCN output (8, 64, 128)
  ... step 36/59  loss=0.8126  (1.4s since last print)
  ↘ grad L2 norm ≈ 2.862e+00 (batch 36)
[2037622] Encoder output (512, 128)
[2037622] TCN output (8, 64, 128)
[2037622] Encoder output (512, 128)
[2037622] TCN output (8, 64, 128)
  ... step 38/59  loss=0.7110  (1.4s since last print)
  ↘ grad L2 norm ≈ 2.547e+00 (batch 38)
[2037622] Encoder output (512, 128)
[2037622] TCN output (8, 64, 128)
[2037622] Encoder output (512, 128)
[2037622] TCN output (8, 64, 128)
  ... step 40/59  loss=0.7720  (1.4s since last print)
  ↘ grad L2 norm ≈ 2.444e+00 (batch 40)
[2037622] Encoder output (512, 128)
[2037622] TCN output (8, 64, 128)
[2037622] Encoder output (512, 128)
[2037622] TCN output (8, 64, 128)
  ... step 42/59  loss=0.8078  (1.4s since last print)
  ↘ grad L2 norm ≈ 1.789e+00 (batch 42)
[2037622] Encoder output (512, 128)
[2037622] TCN output (8, 64, 128)
[2037622] Encoder output (512, 128)
[2037622] TCN output (8, 64, 128)
  ... step 44/59  loss=0.6946  (1.4s since last print)
  ↘ grad L2 norm ≈ 2.719e+00 (batch 44)
[2037622] Encoder output (512, 128)
[2037622] TCN output (8, 64, 128)
[2037622] Encoder output (512, 128)
[2037622] TCN output (8, 64, 128)
  ... step 46/59  loss=0.6778  (1.4s since last print)
  ↘ grad L2 norm ≈ 3.290e+00 (batch 46)
[2037622] Encoder output (512, 128)
[2037622] TCN output (8, 64, 128)
[2037622] Encoder output (512, 128)
[2037622] TCN output (8, 64, 128)
  ... step 48/59  loss=0.9636  (1.4s since last print)
  ↘ grad L2 norm ≈ 2.409e+00 (batch 48)
[2037622] Encoder output (512, 128)
[2037622] TCN output (8, 64, 128)
[2037622] Encoder output (512, 128)
[2037622] TCN output (8, 64, 128)
  ... step 50/59  loss=0.5046  (1.4s since last print)
  ↘ grad L2 norm ≈ 1.837e+00 (batch 50)
[2037622] Encoder output (512, 128)
[2037622] TCN output (8, 64, 128)
[2037622] Encoder output (512, 128)
[2037622] TCN output (8, 64, 128)
  ... step 52/59  loss=0.4054  (1.4s since last print)
  ↘ grad L2 norm ≈ 6.837e-01 (batch 52)
[2037622] Encoder output (512, 128)
[2037622] TCN output (8, 64, 128)
[2037622] Encoder output (512, 128)
[2037622] TCN output (8, 64, 128)
  ... step 54/59  loss=0.4922  (1.4s since last print)
  ↘ grad L2 norm ≈ 1.775e+00 (batch 54)
[2037622] Encoder output (512, 128)
[2037622] TCN output (8, 64, 128)
[2037622] Encoder output (512, 128)
[2037622] TCN output (8, 64, 128)
  ... step 56/59  loss=0.5469  (1.4s since last print)
  ↘ grad L2 norm ≈ 1.844e+00 (batch 56)
[2037622] Encoder output (512, 128)
[2037622] TCN output (8, 64, 128)
[2037622] Encoder output (320, 128)
[2037622] TCN output (5, 64, 128)
  ... step 58/59  loss=0.6720  (1.3s since last print)
  ↘ grad L2 norm ≈ 1.754e+00 (batch 58)
✅ epoch 4 forward/backward done in 66.5s
[2037622] Encoder output (512, 128)
[2037622] TCN output (8, 64, 128)
  🔎 val step 0: batch (8, 64, 2, 324, 1, 16) loss=19.1955
[2037622] Encoder output (512, 128)
[2037622] TCN output (8, 64, 128)
[2037622] Encoder output (512, 128)
[2037622] TCN output (8, 64, 128)
[2037622] Encoder output (512, 128)
[2037622] TCN output (8, 64, 128)
[2037622] Encoder output (512, 128)
[2037622] TCN output (8, 64, 128)
[2037622] Encoder output (512, 128)
[2037622] TCN output (8, 64, 128)
[2037622] Encoder output (512, 128)
[2037622] TCN output (8, 64, 128)
[2037622] Encoder output (512, 128)
[2037622] TCN output (8, 64, 128)
[2037622] Encoder output (512, 128)
[2037622] TCN output (8, 64, 128)
[2037622] Encoder output (512, 128)
[2037622] TCN output (8, 64, 128)
[2037622] Encoder output (512, 128)
[2037622] TCN output (8, 64, 128)
[2037622] Encoder output (512, 128)
[2037622] TCN output (8, 64, 128)
[2037622] Encoder output (512, 128)
[2037622] TCN output (8, 64, 128)
[2037622] Encoder output (512, 128)
[2037622] TCN output (8, 64, 128)
[2037622] Encoder output (512, 128)
[2037622] TCN output (8, 64, 128)
[2037622] Encoder output (512, 128)
[2037622] TCN output (8, 64, 128)
[2037622] Encoder output (512, 128)
[2037622] TCN output (8, 64, 128)
[2037622] Encoder output (512, 128)
[2037622] TCN output (8, 64, 128)
[2037622] Encoder output (512, 128)
[2037622] TCN output (8, 64, 128)
[2037622] Encoder output (256, 128)
[2037622] TCN output (4, 64, 128)
[04] train=0.5903  val=17.0572  RMSE(std)=[Qi:4.164, Qe:4.332, Γ:3.882]  RMSE(phys)=[Qi:338.125, Qe:452.475, Γ:192.087]  (4.2s)
✅ Saved unified NN → ./mnt/data/bin.cgyro.nn
🟦 Starting epoch 5/5 (train steps ≈ 59)
[2037622] Encoder output (512, 128)
[2037622] TCN output (8, 64, 128)
  ... step 0/59  loss=0.4234  (0.3s since last print)
  ↘ grad L2 norm ≈ 1.640e+00 (batch 0)
[2037622] Encoder output (512, 128)
[2037622] TCN output (8, 64, 128)
[2037622] Encoder output (512, 128)
[2037622] TCN output (8, 64, 128)
  ... step 2/59  loss=0.3605  (1.4s since last print)
  ↘ grad L2 norm ≈ 2.226e+00 (batch 2)
[2037622] Encoder output (512, 128)
[2037622] TCN output (8, 64, 128)
[2037622] Encoder output (512, 128)
[2037622] TCN output (8, 64, 128)
  ... step 4/59  loss=0.2926  (1.4s since last print)
  ↘ grad L2 norm ≈ 1.267e+00 (batch 4)
[2037622] Encoder output (512, 128)
[2037622] TCN output (8, 64, 128)
[2037622] Encoder output (512, 128)
[2037622] TCN output (8, 64, 128)
  ... step 6/59  loss=0.4656  (1.4s since last print)
  ↘ grad L2 norm ≈ 1.825e+00 (batch 6)
[2037622] Encoder output (512, 128)
[2037622] TCN output (8, 64, 128)
[2037622] Encoder output (512, 128)
[2037622] TCN output (8, 64, 128)
  ... step 8/59  loss=1.2323  (1.4s since last print)
  ↘ grad L2 norm ≈ 3.238e+00 (batch 8)
[2037622] Encoder output (512, 128)
[2037622] TCN output (8, 64, 128)
[2037622] Encoder output (512, 128)
[2037622] TCN output (8, 64, 128)
  ... step 10/59  loss=0.6229  (1.4s since last print)
  ↘ grad L2 norm ≈ 2.191e+00 (batch 10)
[2037622] Encoder output (512, 128)
[2037622] TCN output (8, 64, 128)
[2037622] Encoder output (512, 128)
[2037622] TCN output (8, 64, 128)
  ... step 12/59  loss=0.5193  (1.4s since last print)
  ↘ grad L2 norm ≈ 1.499e+00 (batch 12)
[2037622] Encoder output (512, 128)
[2037622] TCN output (8, 64, 128)
[2037622] Encoder output (512, 128)
[2037622] TCN output (8, 64, 128)
  ... step 14/59  loss=0.6136  (1.4s since last print)
  ↘ grad L2 norm ≈ 2.817e+00 (batch 14)
[2037622] Encoder output (512, 128)
[2037622] TCN output (8, 64, 128)
[2037622] Encoder output (512, 128)
[2037622] TCN output (8, 64, 128)
  ... step 16/59  loss=0.4791  (1.4s since last print)
  ↘ grad L2 norm ≈ 1.450e+00 (batch 16)
[2037622] Encoder output (512, 128)
[2037622] TCN output (8, 64, 128)
[2037622] Encoder output (512, 128)
[2037622] TCN output (8, 64, 128)
  ... step 18/59  loss=0.4584  (1.4s since last print)
  ↘ grad L2 norm ≈ 1.558e+00 (batch 18)
[2037622] Encoder output (512, 128)
[2037622] TCN output (8, 64, 128)
[2037622] Encoder output (512, 128)
[2037622] TCN output (8, 64, 128)
  ... step 20/59  loss=0.2446  (1.4s since last print)
  ↘ grad L2 norm ≈ 9.279e-01 (batch 20)
[2037622] Encoder output (512, 128)
[2037622] TCN output (8, 64, 128)
[2037622] Encoder output (512, 128)
[2037622] TCN output (8, 64, 128)
  ... step 22/59  loss=0.6452  (1.4s since last print)
  ↘ grad L2 norm ≈ 1.956e+00 (batch 22)
[2037622] Encoder output (512, 128)
[2037622] TCN output (8, 64, 128)
[2037622] Encoder output (512, 128)
[2037622] TCN output (8, 64, 128)
  ... step 24/59  loss=0.7801  (1.4s since last print)
  ↘ grad L2 norm ≈ 1.740e+00 (batch 24)
[2037622] Encoder output (512, 128)
[2037622] TCN output (8, 64, 128)
[2037622] Encoder output (512, 128)
[2037622] TCN output (8, 64, 128)
  ... step 26/59  loss=0.7121  (1.4s since last print)
  ↘ grad L2 norm ≈ 2.127e+00 (batch 26)
[2037622] Encoder output (512, 128)
[2037622] TCN output (8, 64, 128)
[2037622] Encoder output (512, 128)
[2037622] TCN output (8, 64, 128)
  ... step 28/59  loss=0.2910  (1.4s since last print)
  ↘ grad L2 norm ≈ 1.336e+00 (batch 28)
[2037622] Encoder output (512, 128)
[2037622] TCN output (8, 64, 128)
[2037622] Encoder output (512, 128)
[2037622] TCN output (8, 64, 128)
  ... step 30/59  loss=0.2906  (1.4s since last print)
  ↘ grad L2 norm ≈ 1.257e+00 (batch 30)
[2037622] Encoder output (512, 128)
[2037622] TCN output (8, 64, 128)
[2037622] Encoder output (512, 128)
[2037622] TCN output (8, 64, 128)
  ... step 32/59  loss=0.4499  (1.4s since last print)
  ↘ grad L2 norm ≈ 1.693e+00 (batch 32)
[2037622] Encoder output (512, 128)
[2037622] TCN output (8, 64, 128)
[2037622] Encoder output (512, 128)
[2037622] TCN output (8, 64, 128)
  ... step 34/59  loss=0.5670  (1.4s since last print)
  ↘ grad L2 norm ≈ 1.772e+00 (batch 34)
[2037622] Encoder output (512, 128)
[2037622] TCN output (8, 64, 128)
[2037622] Encoder output (512, 128)
[2037622] TCN output (8, 64, 128)
  ... step 36/59  loss=0.9053  (1.4s since last print)
  ↘ grad L2 norm ≈ 2.560e+00 (batch 36)
[2037622] Encoder output (512, 128)
[2037622] TCN output (8, 64, 128)
[2037622] Encoder output (512, 128)
[2037622] TCN output (8, 64, 128)
  ... step 38/59  loss=0.4139  (1.4s since last print)
  ↘ grad L2 norm ≈ 1.285e+00 (batch 38)
[2037622] Encoder output (512, 128)
[2037622] TCN output (8, 64, 128)
[2037622] Encoder output (512, 128)
[2037622] TCN output (8, 64, 128)
  ... step 40/59  loss=0.5021  (1.4s since last print)
  ↘ grad L2 norm ≈ 2.053e+00 (batch 40)
[2037622] Encoder output (512, 128)
[2037622] TCN output (8, 64, 128)
[2037622] Encoder output (512, 128)
[2037622] TCN output (8, 64, 128)
  ... step 42/59  loss=0.4000  (1.4s since last print)
  ↘ grad L2 norm ≈ 1.851e+00 (batch 42)
[2037622] Encoder output (512, 128)
[2037622] TCN output (8, 64, 128)
[2037622] Encoder output (512, 128)
[2037622] TCN output (8, 64, 128)
  ... step 44/59  loss=0.6555  (1.4s since last print)
  ↘ grad L2 norm ≈ 2.007e+00 (batch 44)
[2037622] Encoder output (512, 128)
[2037622] TCN output (8, 64, 128)
[2037622] Encoder output (512, 128)
[2037622] TCN output (8, 64, 128)
  ... step 46/59  loss=0.3016  (1.4s since last print)
  ↘ grad L2 norm ≈ 1.407e+00 (batch 46)
[2037622] Encoder output (512, 128)
[2037622] TCN output (8, 64, 128)
[2037622] Encoder output (512, 128)
[2037622] TCN output (8, 64, 128)
  ... step 48/59  loss=0.7820  (1.4s since last print)
  ↘ grad L2 norm ≈ 2.580e+00 (batch 48)
[2037622] Encoder output (512, 128)
[2037622] TCN output (8, 64, 128)
[2037622] Encoder output (512, 128)
[2037622] TCN output (8, 64, 128)
  ... step 50/59  loss=0.7564  (1.4s since last print)
  ↘ grad L2 norm ≈ 2.267e+00 (batch 50)
[2037622] Encoder output (512, 128)
[2037622] TCN output (8, 64, 128)
[2037622] Encoder output (512, 128)
[2037622] TCN output (8, 64, 128)
  ... step 52/59  loss=0.4098  (1.4s since last print)
  ↘ grad L2 norm ≈ 1.683e+00 (batch 52)
[2037622] Encoder output (512, 128)
[2037622] TCN output (8, 64, 128)
[2037622] Encoder output (512, 128)
[2037622] TCN output (8, 64, 128)
  ... step 54/59  loss=0.7792  (1.4s since last print)
  ↘ grad L2 norm ≈ 2.804e+00 (batch 54)
[2037622] Encoder output (512, 128)
[2037622] TCN output (8, 64, 128)
[2037622] Encoder output (512, 128)
[2037622] TCN output (8, 64, 128)
  ... step 56/59  loss=0.3208  (1.4s since last print)
  ↘ grad L2 norm ≈ 1.807e+00 (batch 56)
[2037622] Encoder output (512, 128)
[2037622] TCN output (8, 64, 128)
[2037622] Encoder output (320, 128)
[2037622] TCN output (5, 64, 128)
  ... step 58/59  loss=0.7894  (1.3s since last print)
  ↘ grad L2 norm ≈ 2.450e+00 (batch 58)
✅ epoch 5 forward/backward done in 66.5s
[2037622] Encoder output (512, 128)
[2037622] TCN output (8, 64, 128)
  🔎 val step 0: batch (8, 64, 2, 324, 1, 16) loss=15.9706
[2037622] Encoder output (512, 128)
[2037622] TCN output (8, 64, 128)
[2037622] Encoder output (512, 128)
[2037622] TCN output (8, 64, 128)
[2037622] Encoder output (512, 128)
[2037622] TCN output (8, 64, 128)
[2037622] Encoder output (512, 128)
[2037622] TCN output (8, 64, 128)
[2037622] Encoder output (512, 128)
[2037622] TCN output (8, 64, 128)
[2037622] Encoder output (512, 128)
[2037622] TCN output (8, 64, 128)
[2037622] Encoder output (512, 128)
[2037622] TCN output (8, 64, 128)
[2037622] Encoder output (512, 128)
[2037622] TCN output (8, 64, 128)
[2037622] Encoder output (512, 128)
[2037622] TCN output (8, 64, 128)
[2037622] Encoder output (512, 128)
[2037622] TCN output (8, 64, 128)
[2037622] Encoder output (512, 128)
[2037622] TCN output (8, 64, 128)
[2037622] Encoder output (512, 128)
[2037622] TCN output (8, 64, 128)
[2037622] Encoder output (512, 128)
[2037622] TCN output (8, 64, 128)
[2037622] Encoder output (512, 128)
[2037622] TCN output (8, 64, 128)
[2037622] Encoder output (512, 128)
[2037622] TCN output (8, 64, 128)
[2037622] Encoder output (512, 128)
[2037622] TCN output (8, 64, 128)
[2037622] Encoder output (512, 128)
[2037622] TCN output (8, 64, 128)
[2037622] Encoder output (512, 128)
[2037622] TCN output (8, 64, 128)
[2037622] Encoder output (256, 128)
[2037622] TCN output (4, 64, 128)
[05] train=0.5459  val=14.4100  RMSE(std)=[Qi:3.778, Qe:3.794, Γ:3.815]  RMSE(phys)=[Qi:306.829, Qe:396.340, Γ:188.785]  (4.2s)
✅ Saved unified NN → ./mnt/data/bin.cgyro.nn
Saved metrics → ./mnt/data/myrun_logs_deep_debug/metrics.csv
✅ Final unified NN → ./mnt/data/bin.cgyro.nn
✅ Training complete. Artifacts in: ./mnt/data/myrun_logs_deep_debug
