
Lmod is automatically replacing "PrgEnv-nvidia/8.5.0" with "PrgEnv-gnu/8.5.0".


Lmod is automatically replacing "nvidia/24.5" with "gcc-native/13.2".


Due to MODULEPATH changes, the following have been reloaded:
  1) cray-hdf5/1.14.3.1      3) cray-mpich/8.1.30
  2) cray-libsci/24.07.0     4) cray-netcdf/4.9.0.13

The following have been reloaded with a version change:
  1) cudatoolkit/12.4 => cudatoolkit/12.9


Currently Loaded Modules:
  1) craype-x86-milan          (cpe)   9) cray-libsci/24.07.0
  2) libfabric/1.22.0                 10) PrgEnv-gnu/8.5.0     (prgenv)
  3) craype-network-ofi        (cpe)  11) gcc-native/13.2      (c)
  4) conda/Miniforge3-24.7.1-0        12) cudatoolkit/12.9     (g)
  5) python/3.11                      13) nccl/2.24.3          (g)
  6) craype/2.7.32             (c)    14) pytorch/2.8.0
  7) cray-dsmml/0.3.0                 15) cray-hdf5/1.14.3.1
  8) cray-mpich/8.1.30         (mpi)  16) cray-netcdf/4.9.0.13

  Where:
   c:       Compiler
   cpe:     Cray Programming Environment Modules
   g:       built for GPU
   mpi:     MPI Providers
   prgenv:  Programming Environment Modules

 

Traceback (most recent call last):
  File "/pscratch/sd/a/arash/cgyro-nn/code/3DCNN/train_with_earlystop_rmse_deep.py", line 94, in <module>
Traceback (most recent call last):
  File "/pscratch/sd/a/arash/cgyro-nn/code/3DCNN/train_with_earlystop_rmse_deep.py", line 94, in <module>
Traceback (most recent call last):
  File "/pscratch/sd/a/arash/cgyro-nn/code/3DCNN/train_with_earlystop_rmse_deep.py", line 94, in <module>
    import train_with_earlystop_rmse  # executes main on import
    import train_with_earlystop_rmse  # executes main on import
    import train_with_earlystop_rmse  # executes main on import
    ^^^^^^^^^^^^^^^^^^^^^^^^^^^^^^^^
    ^^^^^^^^^^^^^^^^^^^^^^^^^^^^^^^^
  File "/pscratch/sd/a/arash/cgyro-nn/code/3DCNN/train_with_earlystop_rmse.py", line 76, in <module>
  File "/pscratch/sd/a/arash/cgyro-nn/code/3DCNN/train_with_earlystop_rmse.py", line 76, in <module>
    ^^^^^^^^^^^^^^^^^^^^^^^^^^^^^^^^
  File "/pscratch/sd/a/arash/cgyro-nn/code/3DCNN/train_with_earlystop_rmse.py", line 76, in <module>
    train_ds, val_ds, test_ds = build_datasets(
    train_ds, val_ds, test_ds = build_datasets(
                                ^^^^^^^^^^^^^^^
  File "/pscratch/sd/a/arash/cgyro-nn/code/3DCNN/train_with_earlystop_rmse_deep.py", line 18, in build_datasets
                                ^^^^^^^^^^^^^^^
  File "/pscratch/sd/a/arash/cgyro-nn/code/3DCNN/train_with_earlystop_rmse_deep.py", line 18, in build_datasets
    train_ds, val_ds, test_ds = build_datasets(
                                ^^^^^^^^^^^^^^^
  File "/pscratch/sd/a/arash/cgyro-nn/code/3DCNN/train_with_earlystop_rmse_deep.py", line 18, in build_datasets
    d = np.load(data_path)
    d = np.load(data_path)
        ^^^^^^^^^^^^^^^^^^
  File "/global/common/software/nersc9/pytorch/2.8.0/lib/python3.12/site-packages/numpy/lib/_npyio_impl.py", line 459, in load
        ^^^^^^^^^^^^^^^^^^
  File "/global/common/software/nersc9/pytorch/2.8.0/lib/python3.12/site-packages/numpy/lib/_npyio_impl.py", line 459, in load
    d = np.load(data_path)
        ^^^^^^^^^^^^^^^^^^
  File "/global/common/software/nersc9/pytorch/2.8.0/lib/python3.12/site-packages/numpy/lib/_npyio_impl.py", line 459, in load
    fid = stack.enter_context(open(os.fspath(file), "rb"))
    fid = stack.enter_context(open(os.fspath(file), "rb"))
                              ^^^^^^^^^^^^^^^^^^^^^^^^^^^
FileNotFoundError: [Errno 2] No such file or directory: './mnt/data/myrun_phi_flux.npz'
                              ^^^^^^^^^^^^^^^^^^^^^^^^^^^
FileNotFoundError: [Errno 2] No such file or directory: './mnt/data/myrun_phi_flux.npz'
    fid = stack.enter_context(open(os.fspath(file), "rb"))
                              ^^^^^^^^^^^^^^^^^^^^^^^^^^^
FileNotFoundError: [Errno 2] No such file or directory: './mnt/data/myrun_phi_flux.npz'
Traceback (most recent call last):
  File "/pscratch/sd/a/arash/cgyro-nn/code/3DCNN/train_with_earlystop_rmse_deep.py", line 94, in <module>
    import train_with_earlystop_rmse  # executes main on import
    ^^^^^^^^^^^^^^^^^^^^^^^^^^^^^^^^
  File "/pscratch/sd/a/arash/cgyro-nn/code/3DCNN/train_with_earlystop_rmse.py", line 76, in <module>
    train_ds, val_ds, test_ds = build_datasets(
                                ^^^^^^^^^^^^^^^
  File "/pscratch/sd/a/arash/cgyro-nn/code/3DCNN/train_with_earlystop_rmse_deep.py", line 18, in build_datasets
    d = np.load(data_path)
        ^^^^^^^^^^^^^^^^^^
  File "/global/common/software/nersc9/pytorch/2.8.0/lib/python3.12/site-packages/numpy/lib/_npyio_impl.py", line 459, in load
    fid = stack.enter_context(open(os.fspath(file), "rb"))
                              ^^^^^^^^^^^^^^^^^^^^^^^^^^^
FileNotFoundError: [Errno 2] No such file or directory: './mnt/data/myrun_phi_flux.npz'
Traceback (most recent call last):
  File "/pscratch/sd/a/arash/cgyro-nn/code/3DCNN/train_with_earlystop_rmse_deep.py", line 94, in <module>
    import train_with_earlystop_rmse  # executes main on import
    ^^^^^^^^^^^^^^^^^^^^^^^^^^^^^^^^
  File "/pscratch/sd/a/arash/cgyro-nn/code/3DCNN/train_with_earlystop_rmse.py", line 76, in <module>
    train_ds, val_ds, test_ds = build_datasets(
                                ^^^^^^^^^^^^^^^
  File "/pscratch/sd/a/arash/cgyro-nn/code/3DCNN/train_with_earlystop_rmse_deep.py", line 18, in build_datasets
    d = np.load(data_path)
        ^^^^^^^^^^^^^^^^^^
  File "/global/common/software/nersc9/pytorch/2.8.0/lib/python3.12/site-packages/numpy/lib/_npyio_impl.py", line 459, in load
    fid = stack.enter_context(open(os.fspath(file), "rb"))
                              ^^^^^^^^^^^^^^^^^^^^^^^^^^^
FileNotFoundError: [Errno 2] No such file or directory: './mnt/data/myrun_phi_flux.npz'
Traceback (most recent call last):
  File "/pscratch/sd/a/arash/cgyro-nn/code/3DCNN/train_with_earlystop_rmse_deep.py", line 94, in <module>
    import train_with_earlystop_rmse  # executes main on import
    ^^^^^^^^^^^^^^^^^^^^^^^^^^^^^^^^
  File "/pscratch/sd/a/arash/cgyro-nn/code/3DCNN/train_with_earlystop_rmse.py", line 76, in <module>
    train_ds, val_ds, test_ds = build_datasets(
                                ^^^^^^^^^^^^^^^
  File "/pscratch/sd/a/arash/cgyro-nn/code/3DCNN/train_with_earlystop_rmse_deep.py", line 18, in build_datasets
    d = np.load(data_path)
        ^^^^^^^^^^^^^^^^^^
  File "/global/common/software/nersc9/pytorch/2.8.0/lib/python3.12/site-packages/numpy/lib/_npyio_impl.py", line 459, in load
    fid = stack.enter_context(open(os.fspath(file), "rb"))
                              ^^^^^^^^^^^^^^^^^^^^^^^^^^^
FileNotFoundError: [Errno 2] No such file or directory: './mnt/data/myrun_phi_flux.npz'
Traceback (most recent call last):
  File "/pscratch/sd/a/arash/cgyro-nn/code/3DCNN/train_with_earlystop_rmse_deep.py", line 94, in <module>
    import train_with_earlystop_rmse  # executes main on import
    ^^^^^^^^^^^^^^^^^^^^^^^^^^^^^^^^
  File "/pscratch/sd/a/arash/cgyro-nn/code/3DCNN/train_with_earlystop_rmse.py", line 76, in <module>
    train_ds, val_ds, test_ds = build_datasets(
                                ^^^^^^^^^^^^^^^
  File "/pscratch/sd/a/arash/cgyro-nn/code/3DCNN/train_with_earlystop_rmse_deep.py", line 18, in build_datasets
    d = np.load(data_path)
        ^^^^^^^^^^^^^^^^^^
  File "/global/common/software/nersc9/pytorch/2.8.0/lib/python3.12/site-packages/numpy/lib/_npyio_impl.py", line 459, in load
    fid = stack.enter_context(open(os.fspath(file), "rb"))
                              ^^^^^^^^^^^^^^^^^^^^^^^^^^^
FileNotFoundError: [Errno 2] No such file or directory: './mnt/data/myrun_phi_flux.npz'
Traceback (most recent call last):
  File "/pscratch/sd/a/arash/cgyro-nn/code/3DCNN/train_with_earlystop_rmse_deep.py", line 94, in <module>
    import train_with_earlystop_rmse  # executes main on import
    ^^^^^^^^^^^^^^^^^^^^^^^^^^^^^^^^
  File "/pscratch/sd/a/arash/cgyro-nn/code/3DCNN/train_with_earlystop_rmse.py", line 76, in <module>
    train_ds, val_ds, test_ds = build_datasets(
                                ^^^^^^^^^^^^^^^
  File "/pscratch/sd/a/arash/cgyro-nn/code/3DCNN/train_with_earlystop_rmse_deep.py", line 18, in build_datasets
    d = np.load(data_path)
        ^^^^^^^^^^^^^^^^^^
  File "/global/common/software/nersc9/pytorch/2.8.0/lib/python3.12/site-packages/numpy/lib/_npyio_impl.py", line 459, in load
    fid = stack.enter_context(open(os.fspath(file), "rb"))
                              ^^^^^^^^^^^^^^^^^^^^^^^^^^^
FileNotFoundError: [Errno 2] No such file or directory: './mnt/data/myrun_phi_flux.npz'
srun: error: nid002869: tasks 0-7: Exited with exit code 1
srun: Terminating StepId=44810940.0
